Cannot find primary config 'guide_sweep'. Check that it's in your config search path.

Config search path:
	provider=hydra, path=pkg://hydra.conf
	provider=main, path=file:///home/ubuntu/beacon-yelp/configs
	provider=schema, path=structured://

Set the environment variable HYDRA_FULL_ERROR=1 for a complete stack trace.
./run_all.sh: line 9: python: command not found
Traceback (most recent call last):
  File "/home/ubuntu/beacon-yelp/venv/lib/python3.10/site-packages/hydra/_internal/utils.py", line 220, in run_and_report
    return func()
  File "/home/ubuntu/beacon-yelp/venv/lib/python3.10/site-packages/hydra/_internal/utils.py", line 466, in <lambda>
    lambda: hydra.multirun(
  File "/home/ubuntu/beacon-yelp/venv/lib/python3.10/site-packages/hydra/_internal/hydra.py", line 153, in multirun
    sweeper = Plugins.instance().instantiate_sweeper(
  File "/home/ubuntu/beacon-yelp/venv/lib/python3.10/site-packages/hydra/core/plugins.py", line 138, in instantiate_sweeper
    sweeper = self._instantiate(config.hydra.sweeper)
  File "/home/ubuntu/beacon-yelp/venv/lib/python3.10/site-packages/hydra/core/plugins.py", line 112, in _instantiate
    plugin = instantiate(config=config, _target_=clazz)
  File "/home/ubuntu/beacon-yelp/venv/lib/python3.10/site-packages/hydra/_internal/instantiate/_instantiate2.py", line 220, in instantiate
    OmegaConf.resolve(config)
  File "/home/ubuntu/beacon-yelp/venv/lib/python3.10/site-packages/omegaconf/omegaconf.py", line 785, in resolve
    omegaconf._impl._resolve(cfg)
  File "/home/ubuntu/beacon-yelp/venv/lib/python3.10/site-packages/omegaconf/_impl.py", line 40, in _resolve
    _resolve_container_value(cfg, k)
  File "/home/ubuntu/beacon-yelp/venv/lib/python3.10/site-packages/omegaconf/_impl.py", line 25, in _resolve_container_value
    _resolve(node)
  File "/home/ubuntu/beacon-yelp/venv/lib/python3.10/site-packages/omegaconf/_impl.py", line 40, in _resolve
    _resolve_container_value(cfg, k)
  File "/home/ubuntu/beacon-yelp/venv/lib/python3.10/site-packages/omegaconf/_impl.py", line 14, in _resolve_container_value
    resolved = node._dereference_node()
  File "/home/ubuntu/beacon-yelp/venv/lib/python3.10/site-packages/omegaconf/base.py", line 246, in _dereference_node
    node = self._dereference_node_impl(throw_on_resolution_failure=True)
  File "/home/ubuntu/beacon-yelp/venv/lib/python3.10/site-packages/omegaconf/base.py", line 277, in _dereference_node_impl
    return parent._resolve_interpolation_from_parse_tree(
  File "/home/ubuntu/beacon-yelp/venv/lib/python3.10/site-packages/omegaconf/base.py", line 584, in _resolve_interpolation_from_parse_tree
    resolved = self.resolve_parse_tree(
  File "/home/ubuntu/beacon-yelp/venv/lib/python3.10/site-packages/omegaconf/base.py", line 764, in resolve_parse_tree
    return visitor.visit(parse_tree)
  File "/home/ubuntu/beacon-yelp/venv/lib/python3.10/site-packages/antlr4/tree/Tree.py", line 34, in visit
    return tree.accept(self)
  File "/home/ubuntu/beacon-yelp/venv/lib/python3.10/site-packages/omegaconf/grammar/gen/OmegaConfGrammarParser.py", line 206, in accept
    return visitor.visitConfigValue(self)
  File "/home/ubuntu/beacon-yelp/venv/lib/python3.10/site-packages/omegaconf/grammar_visitor.py", line 101, in visitConfigValue
    return self.visit(ctx.getChild(0))
  File "/home/ubuntu/beacon-yelp/venv/lib/python3.10/site-packages/antlr4/tree/Tree.py", line 34, in visit
    return tree.accept(self)
  File "/home/ubuntu/beacon-yelp/venv/lib/python3.10/site-packages/omegaconf/grammar/gen/OmegaConfGrammarParser.py", line 342, in accept
    return visitor.visitText(self)
  File "/home/ubuntu/beacon-yelp/venv/lib/python3.10/site-packages/omegaconf/grammar_visitor.py", line 301, in visitText
    return self._unescape(list(ctx.getChildren()))
  File "/home/ubuntu/beacon-yelp/venv/lib/python3.10/site-packages/omegaconf/grammar_visitor.py", line 389, in _unescape
    text = str(self.visitInterpolation(node))
  File "/home/ubuntu/beacon-yelp/venv/lib/python3.10/site-packages/omegaconf/grammar_visitor.py", line 125, in visitInterpolation
    return self.visit(ctx.getChild(0))
  File "/home/ubuntu/beacon-yelp/venv/lib/python3.10/site-packages/antlr4/tree/Tree.py", line 34, in visit
    return tree.accept(self)
  File "/home/ubuntu/beacon-yelp/venv/lib/python3.10/site-packages/omegaconf/grammar/gen/OmegaConfGrammarParser.py", line 921, in accept
    return visitor.visitInterpolationNode(self)
  File "/home/ubuntu/beacon-yelp/venv/lib/python3.10/site-packages/omegaconf/grammar_visitor.py", line 158, in visitInterpolationNode
    return self.node_interpolation_callback(inter_key, self.memo)
  File "/home/ubuntu/beacon-yelp/venv/lib/python3.10/site-packages/omegaconf/base.py", line 745, in node_interpolation_callback
    return self._resolve_node_interpolation(inter_key=inter_key, memo=memo)
  File "/home/ubuntu/beacon-yelp/venv/lib/python3.10/site-packages/omegaconf/base.py", line 676, in _resolve_node_interpolation
    raise InterpolationKeyError(f"Interpolation key '{inter_key}' not found")
omegaconf.errors.InterpolationKeyError: Interpolation key 'data.guide_size' not found
